2026/01/29 00:34:44 NOTICE: Celeb-real/frames/id13_0008/192.png: Duplicate object found in source - ignoring
2026/01/29 00:34:52 NOTICE: Celeb-real/frames/id16_0000/254.png: Duplicate object found in source - ignoring
2026/01/29 00:46:42 NOTICE: Celeb-real/frames/id23_0001/149.png: Duplicate object found in source - ignoring
2026/01/29 00:46:58 NOTICE: Celeb-real/frames/id23_0003/011.png: Duplicate object found in source - ignoring
2026/01/29 01:15:17 NOTICE: YouTube-real/frames/00278/225.png: Duplicate object found in source - ignoring
usage: main.py [-h] [-c CONFIG] [--print_config [=flags]]
               [--seed_everything SEED_EVERYTHING] [--trainer CONFIG]
               [--trainer.accelerator.help CLASS_PATH_OR_NAME]
               [--trainer.accelerator ACCELERATOR]
               [--trainer.strategy.help CLASS_PATH_OR_NAME]
               [--trainer.strategy STRATEGY] [--trainer.devices DEVICES]
               [--trainer.num_nodes NUM_NODES] [--trainer.precision PRECISION]
               [--trainer.logger.help CLASS_PATH_OR_NAME]
               [--trainer.logger LOGGER]
               [--trainer.callbacks.help CLASS_PATH_OR_NAME]
               [--trainer.callbacks CALLBACKS]
               [--trainer.fast_dev_run FAST_DEV_RUN]
               [--trainer.max_epochs MAX_EPOCHS]
               [--trainer.min_epochs MIN_EPOCHS]
               [--trainer.max_steps MAX_STEPS] [--trainer.min_steps MIN_STEPS]
               [--trainer.max_time MAX_TIME]
               [--trainer.limit_train_batches LIMIT_TRAIN_BATCHES]
               [--trainer.limit_val_batches LIMIT_VAL_BATCHES]
               [--trainer.limit_test_batches LIMIT_TEST_BATCHES]
               [--trainer.limit_predict_batches LIMIT_PREDICT_BATCHES]
               [--trainer.overfit_batches OVERFIT_BATCHES]
               [--trainer.val_check_interval VAL_CHECK_INTERVAL]
               [--trainer.check_val_every_n_epoch CHECK_VAL_EVERY_N_EPOCH]
               [--trainer.num_sanity_val_steps NUM_SANITY_VAL_STEPS]
               [--trainer.log_every_n_steps LOG_EVERY_N_STEPS]
               [--trainer.enable_checkpointing {true,false,null}]
               [--trainer.enable_progress_bar {true,false,null}]
               [--trainer.enable_model_summary {true,false,null}]
               [--trainer.accumulate_grad_batches ACCUMULATE_GRAD_BATCHES]
               [--trainer.gradient_clip_val GRADIENT_CLIP_VAL]
               [--trainer.gradient_clip_algorithm GRADIENT_CLIP_ALGORITHM]
               [--trainer.deterministic DETERMINISTIC]
               [--trainer.benchmark {true,false,null}]
               [--trainer.inference_mode {true,false}]
               [--trainer.use_distributed_sampler {true,false}]
               [--trainer.profiler.help CLASS_PATH_OR_NAME]
               [--trainer.profiler PROFILER]
               [--trainer.detect_anomaly {true,false}]
               [--trainer.barebones {true,false}]
               [--trainer.plugins.help CLASS_PATH_OR_NAME]
               [--trainer.plugins PLUGINS]
               [--trainer.sync_batchnorm {true,false}]
               [--trainer.reload_dataloaders_every_n_epochs RELOAD_DATALOADERS_EVERY_N_EPOCHS]
               [--trainer.default_root_dir DEFAULT_ROOT_DIR]
               [--model.help CLASS_PATH_OR_NAME]
               --model CONFIG | CLASS_PATH_OR_NAME | .INIT_ARG_NAME VALUE
               [--data.help CLASS_PATH_OR_NAME]
               [--data CONFIG | CLASS_PATH_OR_NAME | .INIT_ARG_NAME VALUE]
               [--early_stop CONFIG] --early_stop.monitor MONITOR
               [--early_stop.min_delta MIN_DELTA]
               [--early_stop.patience PATIENCE]
               [--early_stop.verbose {true,false}] [--early_stop.mode MODE]
               [--early_stop.strict {true,false}]
               [--early_stop.check_finite {true,false}]
               [--early_stop.stopping_threshold STOPPING_THRESHOLD]
               [--early_stop.divergence_threshold DIVERGENCE_THRESHOLD]
               [--early_stop.check_on_train_epoch_end {true,false,null}]
               [--early_stop.log_rank_zero_only {true,false}]
               [--checkpoint CONFIG] [--checkpoint.dirpath DIRPATH]
               [--checkpoint.filename FILENAME] [--checkpoint.monitor MONITOR]
               [--checkpoint.verbose {true,false}]
               [--checkpoint.save_last SAVE_LAST]
               [--checkpoint.save_top_k SAVE_TOP_K]
               [--checkpoint.save_weights_only {true,false}]
               [--checkpoint.mode MODE]
               [--checkpoint.auto_insert_metric_name {true,false}]
               [--checkpoint.every_n_train_steps EVERY_N_TRAIN_STEPS]
               [--checkpoint.train_time_interval TRAIN_TIME_INTERVAL]
               [--checkpoint.every_n_epochs EVERY_N_EPOCHS]
               [--checkpoint.save_on_train_epoch_end {true,false,null}]
               [--checkpoint.enable_version_counter {true,false}]
               [--lr_monitor CONFIG]
               [--lr_monitor.logging_interval LOGGING_INTERVAL]
               [--lr_monitor.log_momentum {true,false}]
               [--lr_monitor.log_weight_decay {true,false}]
               [--progress_bar CONFIG]
               [--progress_bar.refresh_rate REFRESH_RATE]
               [--progress_bar.leave {true,false}]
               [--progress_bar.theme CONFIG]
               [--progress_bar.theme.description.help CLASS_PATH_OR_NAME]
               [--progress_bar.theme.description DESCRIPTION]
               [--progress_bar.theme.progress_bar.help CLASS_PATH_OR_NAME]
               [--progress_bar.theme.progress_bar PROGRESS_BAR]
               [--progress_bar.theme.progress_bar_finished.help CLASS_PATH_OR_NAME]
               [--progress_bar.theme.progress_bar_finished PROGRESS_BAR_FINISHED]
               [--progress_bar.theme.progress_bar_pulse.help CLASS_PATH_OR_NAME]
               [--progress_bar.theme.progress_bar_pulse PROGRESS_BAR_PULSE]
               [--progress_bar.theme.batch_progress.help CLASS_PATH_OR_NAME]
               [--progress_bar.theme.batch_progress BATCH_PROGRESS]
               [--progress_bar.theme.time.help CLASS_PATH_OR_NAME]
               [--progress_bar.theme.time TIME]
               [--progress_bar.theme.processing_speed.help CLASS_PATH_OR_NAME]
               [--progress_bar.theme.processing_speed PROCESSING_SPEED]
               [--progress_bar.theme.metrics.help CLASS_PATH_OR_NAME]
               [--progress_bar.theme.metrics METRICS]
               [--progress_bar.theme.metrics_text_delimiter METRICS_TEXT_DELIMITER]
               [--progress_bar.theme.metrics_format METRICS_FORMAT]
               [--progress_bar.console_kwargs CONSOLE_KWARGS]
               [--optimizer CONFIG] [--optimizer.lr.help CLASS_PATH_OR_NAME]
               [--optimizer.lr LR] [--optimizer.betas [ITEM,...]]
               [--optimizer.eps EPS] [--optimizer.weight_decay WEIGHT_DECAY]
               [--optimizer.amsgrad {true,false}]
               [--optimizer.maximize {true,false}]
               [--optimizer.foreach {true,false,null}]
               [--optimizer.capturable {true,false}]
               [--optimizer.differentiable {true,false}]
               [--optimizer.fused {true,false,null}] [--lr_scheduler CONFIG]
               [--lr_scheduler.start_factor START_FACTOR]
               [--lr_scheduler.end_factor END_FACTOR]
               [--lr_scheduler.total_iters TOTAL_ITERS]
               [--lr_scheduler.last_epoch LAST_EPOCH]
               [--lr_scheduler.verbose {true,false}] [--notes NOTES]
               [--ckpt_path CKPT_PATH] [--ckpt_mode CKPT_MODE]
error: Parser key "data":
  Problem with given class_path 'src.dataset.base.ODDeepFakeDataModule':
    Parser key "train_datamodules":
      Problem with given class_path 'src.dataset.image.ImageDataModule':
        Unrecognized arguments: --0.init_args.data_dir=/tmp/f2256768/df40
